<?xml version="1.0" encoding="UTF-8"?>
<testng-results ignored="0" total="7" passed="7" failed="0" skipped="0">
  <reporter-output>
  </reporter-output>
  <suite started-at="2020-09-09T19:44:49 EDT" name="Default suite" finished-at="2020-09-09T19:48:13 EDT" duration-ms="204494">
    <groups>
      <group name="cucumber">
        <method signature="AbstractTestNGCucumberTests.runScenario(io.cucumber.testng.PickleWrapper, io.cucumber.testng.FeatureWrapper)[pri:0, instance:com.testRunner.TestRunner@e8fadb0]" name="runScenario" class="io.cucumber.testng.AbstractTestNGCucumberTests"/>
      </group> <!-- cucumber -->
    </groups>
    <test started-at="2020-09-09T19:44:49 EDT" name="Default test" finished-at="2020-09-09T19:48:13 EDT" duration-ms="204494">
      <class name="com.testRunner.TestRunner">
        <test-method is-config="true" signature="setUpClass()[pri:0, instance:com.testRunner.TestRunner@e8fadb0]" started-at="2020-09-09T19:44:49 EDT" name="setUpClass" finished-at="2020-09-09T19:44:58 EDT" duration-ms="8801" status="PASS">
          <reporter-output>
          </reporter-output>
        </test-method> <!-- setUpClass -->
        <test-method signature="runScenario(io.cucumber.testng.PickleWrapper, io.cucumber.testng.FeatureWrapper)[pri:0, instance:com.testRunner.TestRunner@e8fadb0]" started-at="2020-09-09T19:44:58 EDT" name="runScenario" description="Runs Cucumber Scenarios" data-provider="scenarios" finished-at="2020-09-09T19:45:42 EDT" duration-ms="44232" status="PASS">
          <params>
            <param index="0">
              <value>
                <![CDATA["Log in to the OrangeHRM"]]>
              </value>
            </param>
            <param index="1">
              <value>
                <![CDATA["OrangeHRM Admin_Job Features"]]>
              </value>
            </param>
          </params>
          <reporter-output>
          </reporter-output>
        </test-method> <!-- runScenario -->
        <test-method signature="runScenario(io.cucumber.testng.PickleWrapper, io.cucumber.testng.FeatureWrapper)[pri:0, instance:com.testRunner.TestRunner@e8fadb0]" started-at="2020-09-09T19:45:43 EDT" name="runScenario" description="Runs Cucumber Scenarios" data-provider="scenarios" finished-at="2020-09-09T19:45:53 EDT" duration-ms="9851" status="PASS">
          <params>
            <param index="0">
              <value>
                <![CDATA["Add the PayGrades  name and click save"]]>
              </value>
            </param>
            <param index="1">
              <value>
                <![CDATA["OrangeHRM Admin_Job Features"]]>
              </value>
            </param>
          </params>
          <reporter-output>
          </reporter-output>
        </test-method> <!-- runScenario -->
        <test-method signature="runScenario(io.cucumber.testng.PickleWrapper, io.cucumber.testng.FeatureWrapper)[pri:0, instance:com.testRunner.TestRunner@e8fadb0]" started-at="2020-09-09T19:45:53 EDT" name="runScenario" description="Runs Cucumber Scenarios" data-provider="scenarios" finished-at="2020-09-09T19:46:00 EDT" duration-ms="6696" status="PASS">
          <params>
            <param index="0">
              <value>
                <![CDATA["Add the PayGrades name and click cancel"]]>
              </value>
            </param>
            <param index="1">
              <value>
                <![CDATA["OrangeHRM Admin_Job Features"]]>
              </value>
            </param>
          </params>
          <reporter-output>
          </reporter-output>
        </test-method> <!-- runScenario -->
        <test-method signature="runScenario(io.cucumber.testng.PickleWrapper, io.cucumber.testng.FeatureWrapper)[pri:0, instance:com.testRunner.TestRunner@e8fadb0]" started-at="2020-09-09T19:46:00 EDT" name="runScenario" description="Runs Cucumber Scenarios" data-provider="scenarios" finished-at="2020-09-09T19:46:12 EDT" duration-ms="12434" status="PASS">
          <params>
            <param index="0">
              <value>
                <![CDATA["Delete the PayGrades name and click ok"]]>
              </value>
            </param>
            <param index="1">
              <value>
                <![CDATA["OrangeHRM Admin_Job Features"]]>
              </value>
            </param>
          </params>
          <reporter-output>
          </reporter-output>
        </test-method> <!-- runScenario -->
        <test-method signature="runScenario(io.cucumber.testng.PickleWrapper, io.cucumber.testng.FeatureWrapper)[pri:0, instance:com.testRunner.TestRunner@e8fadb0]" started-at="2020-09-09T19:46:12 EDT" name="runScenario" description="Runs Cucumber Scenarios" data-provider="scenarios" finished-at="2020-09-09T19:46:19 EDT" duration-ms="6531" status="PASS">
          <params>
            <param index="0">
              <value>
                <![CDATA["Delete the PayGrades name and click ocancel"]]>
              </value>
            </param>
            <param index="1">
              <value>
                <![CDATA["OrangeHRM Admin_Job Features"]]>
              </value>
            </param>
          </params>
          <reporter-output>
          </reporter-output>
        </test-method> <!-- runScenario -->
        <test-method signature="runScenario(io.cucumber.testng.PickleWrapper, io.cucumber.testng.FeatureWrapper)[pri:0, instance:com.testRunner.TestRunner@e8fadb0]" started-at="2020-09-09T19:46:19 EDT" name="runScenario" description="Runs Cucumber Scenarios" data-provider="scenarios" finished-at="2020-09-09T19:46:40 EDT" duration-ms="20604" status="PASS">
          <params>
            <param index="0">
              <value>
                <![CDATA["Edit the PayGrades name and click save"]]>
              </value>
            </param>
            <param index="1">
              <value>
                <![CDATA["OrangeHRM Admin_Job Features"]]>
              </value>
            </param>
          </params>
          <reporter-output>
          </reporter-output>
        </test-method> <!-- runScenario -->
        <test-method signature="runScenario(io.cucumber.testng.PickleWrapper, io.cucumber.testng.FeatureWrapper)[pri:0, instance:com.testRunner.TestRunner@e8fadb0]" started-at="2020-09-09T19:46:40 EDT" name="runScenario" description="Runs Cucumber Scenarios" data-provider="scenarios" finished-at="2020-09-09T19:47:57 EDT" duration-ms="77344" status="PASS">
          <params>
            <param index="0">
              <value>
                <![CDATA["Edit the PayGrades name and click cancel"]]>
              </value>
            </param>
            <param index="1">
              <value>
                <![CDATA["OrangeHRM Admin_Job Features"]]>
              </value>
            </param>
          </params>
          <reporter-output>
          </reporter-output>
        </test-method> <!-- runScenario -->
        <test-method is-config="true" signature="Extentsreport()[pri:0, instance:com.testRunner.TestRunner@e8fadb0]" started-at="2020-09-09T19:47:57 EDT" name="Extentsreport" finished-at="2020-09-09T19:47:57 EDT" duration-ms="33" status="FAIL">
          <exception class="java.lang.NullPointerException">
            <full-stacktrace>
              <![CDATA[java.lang.NullPointerException
at com.vimalselvam.cucumber.listener.Reporter.loadXMLConfig(Reporter.java:57)
at com.testRunner.TestRunner.Extentsreport(TestRunner.java:36)
at java.base/jdk.internal.reflect.NativeMethodAccessorImpl.invoke0(Native Method)
at java.base/jdk.internal.reflect.NativeMethodAccessorImpl.invoke(NativeMethodAccessorImpl.java:62)
at java.base/jdk.internal.reflect.DelegatingMethodAccessorImpl.invoke(DelegatingMethodAccessorImpl.java:43)
at java.base/java.lang.reflect.Method.invoke(Method.java:567)
at org.testng.internal.MethodInvocationHelper.invokeMethod(MethodInvocationHelper.java:135)
at org.testng.internal.MethodInvocationHelper.invokeMethodConsideringTimeout(MethodInvocationHelper.java:64)
at org.testng.internal.ConfigInvoker.invokeConfigurationMethod(ConfigInvoker.java:364)
at org.testng.internal.ConfigInvoker.invokeConfigurations(ConfigInvoker.java:318)
at org.testng.internal.TestMethodWorker.invokeAfterClassMethods(TestMethodWorker.java:217)
at org.testng.internal.TestMethodWorker.run(TestMethodWorker.java:130)
at java.base/java.util.ArrayList.forEach(ArrayList.java:1507)
at org.testng.TestRunner.privateRun(TestRunner.java:767)
at org.testng.TestRunner.run(TestRunner.java:588)
at org.testng.SuiteRunner.runTest(SuiteRunner.java:384)
at org.testng.SuiteRunner.runSequentially(SuiteRunner.java:378)
at org.testng.SuiteRunner.privateRun(SuiteRunner.java:337)
at org.testng.SuiteRunner.run(SuiteRunner.java:286)
at org.testng.SuiteRunnerWorker.runSuite(SuiteRunnerWorker.java:53)
at org.testng.SuiteRunnerWorker.run(SuiteRunnerWorker.java:96)
at org.testng.TestNG.runSuitesSequentially(TestNG.java:1214)
at org.testng.TestNG.runSuitesLocally(TestNG.java:1136)
at org.testng.TestNG.runSuites(TestNG.java:1066)
at org.testng.TestNG.run(TestNG.java:1034)
at org.testng.remote.AbstractRemoteTestNG.run(AbstractRemoteTestNG.java:115)
at org.testng.remote.RemoteTestNG.initAndRun(RemoteTestNG.java:251)
at org.testng.remote.RemoteTestNG.main(RemoteTestNG.java:77)
]]>
            </full-stacktrace>
          </exception> <!-- java.lang.NullPointerException -->
          <reporter-output>
          </reporter-output>
        </test-method> <!-- Extentsreport -->
        <test-method is-config="true" signature="tearDownClass()[pri:0, instance:com.testRunner.TestRunner@e8fadb0]" started-at="2020-09-09T19:47:57 EDT" name="tearDownClass" finished-at="2020-09-09T19:48:13 EDT" duration-ms="16031" status="PASS">
          <reporter-output>
          </reporter-output>
        </test-method> <!-- tearDownClass -->
      </class> <!-- com.testRunner.TestRunner -->
    </test> <!-- Default test -->
  </suite> <!-- Default suite -->
</testng-results>
